Time resolution is 1 ps
Note: Sequence No.0; Cycle count:1504
Time: 30090 ns  Iteration: 2  Process: /tb_dataGenConsume/seqCounter  File: E:/Vivado/Projects/Assignment2/Assignment2DDGP/Assignment 2/peak_detector/signed/tb_dataConsume_signed.vhd
Warning: Mismatch for seq 0:
byte 0 should be 01000011
but is           10101000
Time: 30090 ns  Iteration: 2  Process: /tb_dataGenConsume/seqCounter  File: E:/Vivado/Projects/Assignment2/Assignment2DDGP/Assignment 2/peak_detector/signed/tb_dataConsume_signed.vhd
Warning: Mismatch for seq 0:
byte 1 should be 00110001
but is           01101000
Time: 30090 ns  Iteration: 2  Process: /tb_dataGenConsume/seqCounter  File: E:/Vivado/Projects/Assignment2/Assignment2DDGP/Assignment 2/peak_detector/signed/tb_dataConsume_signed.vhd
Warning: Mismatch for seq 0:
byte 2 should be 00110111
but is           00001001
Time: 30090 ns  Iteration: 2  Process: /tb_dataGenConsume/seqCounter  File: E:/Vivado/Projects/Assignment2/Assignment2DDGP/Assignment 2/peak_detector/signed/tb_dataConsume_signed.vhd
Warning: Mismatch for seq 0:
byte 3 should be 01111111
but is           01100000
Time: 30090 ns  Iteration: 2  Process: /tb_dataGenConsume/seqCounter  File: E:/Vivado/Projects/Assignment2/Assignment2DDGP/Assignment 2/peak_detector/signed/tb_dataConsume_signed.vhd
Warning: Mismatch for seq 0:
byte 4 should be 00001001
but is           00010011
Time: 30090 ns  Iteration: 2  Process: /tb_dataGenConsume/seqCounter  File: E:/Vivado/Projects/Assignment2/Assignment2DDGP/Assignment 2/peak_detector/signed/tb_dataConsume_signed.vhd
Warning: Mismatch for seq 0:
byte 5 should be 01100000
but is           10010101
Time: 30090 ns  Iteration: 2  Process: /tb_dataGenConsume/seqCounter  File: E:/Vivado/Projects/Assignment2/Assignment2DDGP/Assignment 2/peak_detector/signed/tb_dataConsume_signed.vhd
Warning: Mismatch for seq 0:
byte 6 should be 01011011
but is           11011101
Time: 30090 ns  Iteration: 2  Process: /tb_dataGenConsume/seqCounter  File: E:/Vivado/Projects/Assignment2/Assignment2DDGP/Assignment 2/peak_detector/signed/tb_dataConsume_signed.vhd
Warning: Mismatch for seq 0:
peak 0 should be {0100} {1000} {0000}
but is           {0011} {0000} {0000}
Time: 30090 ns  Iteration: 2  Process: /tb_dataGenConsume/seqCounter  File: E:/Vivado/Projects/Assignment2/Assignment2DDGP/Assignment 2/peak_detector/signed/tb_dataConsume_signed.vhd
Note: Sequence No.1; Cycle count:1818
Time: 36370 ns  Iteration: 2  Process: /tb_dataGenConsume/seqCounter  File: E:/Vivado/Projects/Assignment2/Assignment2DDGP/Assignment 2/peak_detector/signed/tb_dataConsume_signed.vhd
Warning: Mismatch for seq 1:
byte 0 should be 11100011
but is           10101000
Time: 36370 ns  Iteration: 2  Process: /tb_dataGenConsume/seqCounter  File: E:/Vivado/Projects/Assignment2/Assignment2DDGP/Assignment 2/peak_detector/signed/tb_dataConsume_signed.vhd
Warning: Mismatch for seq 1:
byte 1 should be 10100101
but is           01101000
Time: 36370 ns  Iteration: 2  Process: /tb_dataGenConsume/seqCounter  File: E:/Vivado/Projects/Assignment2/Assignment2DDGP/Assignment 2/peak_detector/signed/tb_dataConsume_signed.vhd
Warning: Mismatch for seq 1:
byte 2 should be 11001001
but is           00001001
Time: 36370 ns  Iteration: 2  Process: /tb_dataGenConsume/seqCounter  File: E:/Vivado/Projects/Assignment2/Assignment2DDGP/Assignment 2/peak_detector/signed/tb_dataConsume_signed.vhd
Warning: Mismatch for seq 1:
byte 3 should be 01111110
but is           01100000
Time: 36370 ns  Iteration: 2  Process: /tb_dataGenConsume/seqCounter  File: E:/Vivado/Projects/Assignment2/Assignment2DDGP/Assignment 2/peak_detector/signed/tb_dataConsume_signed.vhd
Warning: Mismatch for seq 1:
byte 4 should be 01100111
but is           00010011
Time: 36370 ns  Iteration: 2  Process: /tb_dataGenConsume/seqCounter  File: E:/Vivado/Projects/Assignment2/Assignment2DDGP/Assignment 2/peak_detector/signed/tb_dataConsume_signed.vhd
Warning: Mismatch for seq 1:
byte 5 should be 11100000
but is           10010101
Time: 36370 ns  Iteration: 2  Process: /tb_dataGenConsume/seqCounter  File: E:/Vivado/Projects/Assignment2/Assignment2DDGP/Assignment 2/peak_detector/signed/tb_dataConsume_signed.vhd
Warning: Mismatch for seq 1:
byte 6 should be 10110101
but is           10101000
Time: 36370 ns  Iteration: 2  Process: /tb_dataGenConsume/seqCounter  File: E:/Vivado/Projects/Assignment2/Assignment2DDGP/Assignment 2/peak_detector/signed/tb_dataConsume_signed.vhd
Warning: Mismatch for seq 1:
peak 1 should be {0000} {0101} {0000}
but is           {0010} {0000} {0000}
Time: 36370 ns  Iteration: 2  Process: /tb_dataGenConsume/seqCounter  File: E:/Vivado/Projects/Assignment2/Assignment2DDGP/Assignment 2/peak_detector/signed/tb_dataConsume_signed.vhd
Note: Sequence No.2; Cycle count:2122
Time: 42450 ns  Iteration: 2  Process: /tb_dataGenConsume/seqCounter  File: E:/Vivado/Projects/Assignment2/Assignment2DDGP/Assignment 2/peak_detector/signed/tb_dataConsume_signed.vhd
Warning: Mismatch for seq 2:
byte 0 should be 01110010
but is           01010111
Time: 42450 ns  Iteration: 2  Process: /tb_dataGenConsume/seqCounter  File: E:/Vivado/Projects/Assignment2/Assignment2DDGP/Assignment 2/peak_detector/signed/tb_dataConsume_signed.vhd
Warning: Mismatch for seq 2:
byte 1 should be 11111101
but is           01100110
Time: 42450 ns  Iteration: 2  Process: /tb_dataGenConsume/seqCounter  File: E:/Vivado/Projects/Assignment2/Assignment2DDGP/Assignment 2/peak_detector/signed/tb_dataConsume_signed.vhd
Warning: Mismatch for seq 2:
byte 2 should be 11001011
but is           00110001
Time: 42450 ns  Iteration: 2  Process: /tb_dataGenConsume/seqCounter  File: E:/Vivado/Projects/Assignment2/Assignment2DDGP/Assignment 2/peak_detector/signed/tb_dataConsume_signed.vhd
Warning: Mismatch for seq 2:
byte 3 should be 01111101
but is           10110011
Time: 42450 ns  Iteration: 2  Process: /tb_dataGenConsume/seqCounter  File: E:/Vivado/Projects/Assignment2/Assignment2DDGP/Assignment 2/peak_detector/signed/tb_dataConsume_signed.vhd
Warning: Mismatch for seq 2:
byte 4 should be 00100010
but is           00100011
Time: 42450 ns  Iteration: 2  Process: /tb_dataGenConsume/seqCounter  File: E:/Vivado/Projects/Assignment2/Assignment2DDGP/Assignment 2/peak_detector/signed/tb_dataConsume_signed.vhd
Warning: Mismatch for seq 2:
byte 5 should be 00110111
but is           11010110
Time: 42450 ns  Iteration: 2  Process: /tb_dataGenConsume/seqCounter  File: E:/Vivado/Projects/Assignment2/Assignment2DDGP/Assignment 2/peak_detector/signed/tb_dataConsume_signed.vhd
Warning: Mismatch for seq 2:
byte 6 should be 11010100
but is           10101000
Time: 42450 ns  Iteration: 2  Process: /tb_dataGenConsume/seqCounter  File: E:/Vivado/Projects/Assignment2/Assignment2DDGP/Assignment 2/peak_detector/signed/tb_dataConsume_signed.vhd
Warning: Mismatch for seq 2:
peak 2 should be {0000} {1001} {0000}
but is           {0010} {0000} {0000}
Time: 42450 ns  Iteration: 2  Process: /tb_dataGenConsume/seqCounter  File: E:/Vivado/Projects/Assignment2/Assignment2DDGP/Assignment 2/peak_detector/signed/tb_dataConsume_signed.vhd
Note: Sequence No.3; Cycle count:2426
Time: 48530 ns  Iteration: 2  Process: /tb_dataGenConsume/seqCounter  File: E:/Vivado/Projects/Assignment2/Assignment2DDGP/Assignment 2/peak_detector/signed/tb_dataConsume_signed.vhd
Warning: Mismatch for seq 3:
byte 0 should be 01011011
but is           10101001
Time: 48530 ns  Iteration: 2  Process: /tb_dataGenConsume/seqCounter  File: E:/Vivado/Projects/Assignment2/Assignment2DDGP/Assignment 2/peak_detector/signed/tb_dataConsume_signed.vhd
Warning: Mismatch for seq 3:
byte 1 should be 10100011
but is           00010001
Time: 48530 ns  Iteration: 2  Process: /tb_dataGenConsume/seqCounter  File: E:/Vivado/Projects/Assignment2/Assignment2DDGP/Assignment 2/peak_detector/signed/tb_dataConsume_signed.vhd
Warning: Mismatch for seq 3:
byte 2 should be 11000000
but is           10000010
Time: 48530 ns  Iteration: 2  Process: /tb_dataGenConsume/seqCounter  File: E:/Vivado/Projects/Assignment2/Assignment2DDGP/Assignment 2/peak_detector/signed/tb_dataConsume_signed.vhd
Warning: Mismatch for seq 3:
byte 3 should be 01111110
but is           11101110
Time: 48530 ns  Iteration: 2  Process: /tb_dataGenConsume/seqCounter  File: E:/Vivado/Projects/Assignment2/Assignment2DDGP/Assignment 2/peak_detector/signed/tb_dataConsume_signed.vhd
Warning: Mismatch for seq 3:
byte 4 should be 10011110
but is           01101111
Time: 48530 ns  Iteration: 2  Process: /tb_dataGenConsume/seqCounter  File: E:/Vivado/Projects/Assignment2/Assignment2DDGP/Assignment 2/peak_detector/signed/tb_dataConsume_signed.vhd
Warning: Mismatch for seq 3:
byte 5 should be 01010010
but is           01000101
Time: 48530 ns  Iteration: 2  Process: /tb_dataGenConsume/seqCounter  File: E:/Vivado/Projects/Assignment2/Assignment2DDGP/Assignment 2/peak_detector/signed/tb_dataConsume_signed.vhd
Warning: Mismatch for seq 3:
byte 6 should be 01001110
but is           10011000
Time: 48530 ns  Iteration: 2  Process: /tb_dataGenConsume/seqCounter  File: E:/Vivado/Projects/Assignment2/Assignment2DDGP/Assignment 2/peak_detector/signed/tb_dataConsume_signed.vhd
Warning: Mismatch for seq 3:
peak 3 should be {0000} {0101} {0101}
but is           {0011} {0000} {0000}
Time: 48530 ns  Iteration: 2  Process: /tb_dataGenConsume/seqCounter  File: E:/Vivado/Projects/Assignment2/Assignment2DDGP/Assignment 2/peak_detector/signed/tb_dataConsume_signed.vhd
